
Run with args: 
reached exit point
data: 0x1 0xffffffff 0x0 0x0 0x3 0xffffffff 0xffffffff 0xffffffff

Run with args: -DFIX_SWAP_MEMBERS
reached exit point
data: 0x2 0xffffffff 0x0 0x0 0x3 0xffffffff 0xffffffff 0xffffffff

Run with args: -DFIX_AVOID_AT_CALL
reached exit point
data: 0x2 0x0 0x0 0x0 0x3 0xffffffff 0xffffffff 0xffffffff

Run with args: -DFIX_NO_VALUE_REFERENCE
reached exit point
data: 0x2 0xffffffff 0x0 0x0 0x3 0xffffffff 0xffffffff 0xffffffff

Run with args: -DFIX_NO_ADDITIONAL_MEMBER
reached exit point
data: 0x2 0x0 0x0 0x0 0xffffffff 0xffffffff 0xffffffff 0xffffffff

Run with args: -DFIX_ASSIGNMENT_OPERATOR
reached exit point
data: 0x2 0xffffffff 0x0 0x0 0x3 0xffffffff 0xffffffff 0xffffffff

Run with args: -DFIX_STATE_64BIT
reached exit point
data: 0x2 0x0 0x0 0x0 0x3 0xffffffff 0xffffffff 0xffffffff

Run with args: -DFIX_STATE_16BIT
reached exit point
data: 0xffff0002 0xffffffff 0x0 0x0 0x3 0xffffffff 0xffffffff 0xffffffff

Run with args: -DHARD_MODE_NO_ALIGNAS -DFIX_SWAP_MEMBERS
reached exit point
data: 0x2 0xffffffff 0x0 0x0 0x3 0xffffffff 0xffffffff 0xffffffff

Run with args: -DHARD_MODE_NO_ALIGNAS -DFIX_AVOID_AT_CALL
reached exit point

Run with args: -DHARD_MODE_NO_ALIGNAS -DFIX_NO_VALUE_REFERENCE
reached exit point
data: 0x2 0xffffffff 0x0 0x0 0x3 0xffffffff 0xffffffff 0xffffffff

Run with args: -DHARD_MODE_NO_ALIGNAS -DFIX_NO_ADDITIONAL_MEMBER
reached exit point

Run with args: -DHARD_MODE_NO_ALIGNAS -DFIX_ASSIGNMENT_OPERATOR
reached exit point
data: 0x2 0xffffffff 0x0 0x0 0x3 0xffffffff 0xffffffff 0xffffffff

Run with args: -DHARD_MODE_NO_ALIGNAS -DFIX_STATE_64BIT
reached exit point
data: 0x2 0x0 0x0 0x0 0x3 0xffffffff 0xffffffff 0xffffffff

Run with args: -DHARD_MODE_NO_ALIGNAS -DFIX_STATE_16BIT
reached exit point
data: 0xffff0002 0xffffffff 0x0 0x0 0x3 0xffffffff 0xffffffff 0xffffffff
